number,value,datetime_start,datetime_complete,duration,params_batch_size,params_dropout_gru,params_dropout_post_gru,params_dropout_pre_gru,params_hidden_dim,params_learning_rate,params_n_layers,params_scheduler_factor,params_scheduler_patience,params_weight_decay,state
0,0.4688244168247495,2026-05-06 10:42:06.042640,2026-05-06 10:43:51.254842,0 days 00:01:45.212202,32,0.7,0.30000000000000004,0.4,48,0.0024286999710913305,2,0.8,3,0.000606510004206947,COMPLETE
1,0.48858677319117955,2026-05-06 10:43:51.256319,2026-05-06 10:45:34.812371,0 days 00:01:43.556052,32,0.5,0.30000000000000004,0.6,128,0.0003176746480907874,2,0.3,2,0.0003166340229910493,COMPLETE
2,0.4967498119388308,2026-05-06 10:45:34.813688,2026-05-06 10:47:18.309386,0 days 00:01:43.495698,32,0.4,0.2,0.30000000000000004,112,0.00013932329371933695,2,0.8,4,0.00042037739159486427,COMPLETE
3,0.46462369901793343,2026-05-06 10:47:18.312344,2026-05-06 10:48:34.228005,0 days 00:01:15.915661,32,0.4,0.30000000000000004,0.30000000000000004,64,0.0008947119277595144,1,0.8,5,0.0005534259435074011,COMPLETE
4,0.5361107336623329,2026-05-06 10:48:34.229142,2026-05-06 10:49:49.539238,0 days 00:01:15.310096,32,0.6000000000000001,0.6,0.5,96,5.330557677245752e-05,1,0.6000000000000001,5,0.003503463955730476,COMPLETE
5,0.4752433691705976,2026-05-06 10:49:49.540516,2026-05-06 10:50:39.388352,0 days 00:00:49.847836,64,0.4,0.2,0.4,128,0.0005591031483669886,1,0.5,5,0.0004173543701637558,COMPLETE
6,0.508909952214786,2026-05-06 10:50:39.389477,2026-05-06 10:52:18.822460,0 days 00:01:39.432983,32,0.4,0.6,0.5,80,0.00017224795172370843,2,0.5,2,0.000790608324269198,COMPLETE
7,0.5171846866607666,2026-05-06 10:52:18.824013,2026-05-06 10:53:33.199505,0 days 00:01:14.375492,32,0.6000000000000001,0.6,0.4,64,0.004054670019803308,1,0.4,5,0.00282067990215265,COMPLETE
8,0.5284856938653522,2026-05-06 10:53:33.200543,2026-05-06 10:54:19.653065,0 days 00:00:46.452522,128,0.3,0.5,0.2,128,0.0010100887630608542,2,0.7,2,0.008097492698094302,COMPLETE
9,0.44612132509549457,2026-05-06 10:54:19.654110,2026-05-06 10:55:03.173445,0 days 00:00:43.519335,128,0.7,0.6,0.2,64,0.000956270950942188,1,0.7,4,0.0002444802374701633,COMPLETE
10,0.4239119307862388,2026-05-06 10:55:03.174501,2026-05-06 10:55:41.484697,0 days 00:00:38.310196,128,0.7,0.5,0.2,32,0.001873525374286724,1,0.6000000000000001,4,0.00010108414175658912,COMPLETE
11,0.4263964229159885,2026-05-06 10:55:41.486667,2026-05-06 10:56:16.251436,0 days 00:00:34.764769,128,0.7,0.5,0.2,32,0.0019022849304270748,1,0.6000000000000001,4,0.00011465197794502326,COMPLETE
12,0.42416612803936005,2026-05-06 10:56:16.252409,2026-05-06 10:56:53.859072,0 days 00:00:37.606663,128,0.7,0.5,0.2,32,0.0023845898577252093,1,0.6000000000000001,4,0.00010700932138867397,COMPLETE
13,0.41089172661304474,2026-05-06 10:56:53.860342,2026-05-06 10:57:27.881537,0 days 00:00:34.021195,128,0.6000000000000001,0.5,0.30000000000000004,32,0.004818018163665791,1,0.6000000000000001,3,0.00010170245918245497,COMPLETE
14,0.4195205056005054,2026-05-06 10:57:27.882533,2026-05-06 10:58:03.933464,0 days 00:00:36.050931,128,0.6000000000000001,0.4,0.30000000000000004,32,0.004614952258270187,1,0.4,3,0.00019660634017338154,COMPLETE
15,0.4152516390596117,2026-05-06 10:58:03.934410,2026-05-06 10:58:52.990266,0 days 00:00:49.055856,64,0.6000000000000001,0.4,0.30000000000000004,48,0.004056397553520271,1,0.3,3,0.00018192351429107976,COMPLETE
16,0.4788428774901799,2026-05-06 10:58:52.992052,2026-05-06 10:59:49.870762,0 days 00:00:56.878710,64,0.5,0.4,0.30000000000000004,48,0.004447009276908865,1,0.3,3,0.0015746234902091517,COMPLETE
17,0.42298853397369385,2026-05-06 10:59:49.871840,2026-05-06 11:00:41.230170,0 days 00:00:51.358330,64,0.5,0.4,0.30000000000000004,48,0.0029811941206392837,1,0.4,3,0.00019486774897519763,COMPLETE
18,0.49379906824656894,2026-05-06 11:00:41.231385,2026-05-06 11:01:30.259854,0 days 00:00:49.028469,64,0.6000000000000001,0.4,0.5,80,0.0014272892565304546,1,0.5,3,0.0013747083660893254,COMPLETE
19,0.4705470085144043,2026-05-06 11:01:30.261351,2026-05-06 11:02:19.864628,0 days 00:00:49.603277,64,0.6000000000000001,0.5,0.4,48,0.0004211054679370871,1,0.7,2,0.00019212608670150105,COMPLETE
20,0.4197606248514993,2026-05-06 11:02:19.865794,2026-05-06 11:03:26.358316,0 days 00:01:06.492522,64,0.6000000000000001,0.4,0.30000000000000004,96,0.0030373269391528665,2,0.3,3,0.00013457317219495716,COMPLETE
21,0.4112857249048021,2026-05-06 11:03:26.359604,2026-05-06 11:04:03.873902,0 days 00:00:37.514298,128,0.6000000000000001,0.4,0.30000000000000004,32,0.004687842350091306,1,0.4,3,0.00017028321056387165,COMPLETE
22,0.4112939321332508,2026-05-06 11:04:03.875227,2026-05-06 11:04:39.074859,0 days 00:00:35.199632,128,0.5,0.30000000000000004,0.30000000000000004,32,0.0049596057872619125,1,0.4,3,0.0001580267214789304,COMPLETE
23,0.4252865215142568,2026-05-06 11:04:39.076036,2026-05-06 11:05:19.546657,0 days 00:00:40.470621,128,0.5,0.30000000000000004,0.30000000000000004,32,0.004925865583419996,1,0.4,3,0.00027049639672774496,COMPLETE
24,0.4412251346641117,2026-05-06 11:05:19.547675,2026-05-06 11:06:00.701120,0 days 00:00:41.153445,128,0.5,0.30000000000000004,0.4,32,0.00147940642751845,1,0.5,2,0.00014811696908364786,COMPLETE
25,0.4459783517652088,2026-05-06 11:06:00.702343,2026-05-06 11:06:36.385100,0 days 00:00:35.682757,128,0.5,0.2,0.4,48,0.0028087028080819813,1,0.4,3,0.0003498900964692919,COMPLETE
26,0.41965054637855953,2026-05-06 11:06:36.386382,2026-05-06 11:07:20.695333,0 days 00:00:44.308951,128,0.6000000000000001,0.30000000000000004,0.30000000000000004,64,0.0031268136562738608,1,0.5,4,0.0001486196138494502,COMPLETE
27,0.4467635684543186,2026-05-06 11:07:20.696621,2026-05-06 11:07:58.481849,0 days 00:00:37.785228,128,0.3,0.5,0.2,32,0.0014093197759779163,1,0.4,3,0.00026457359777834705,COMPLETE
28,0.4669422374831306,2026-05-06 11:07:58.483070,2026-05-06 11:08:40.626306,0 days 00:00:42.143236,128,0.5,0.4,0.30000000000000004,80,0.002155613064452707,1,0.5,2,0.001090676090567336,COMPLETE
29,0.46313783195283675,2026-05-06 11:08:40.629633,2026-05-06 11:09:26.891284,0 days 00:00:46.261651,128,0.6000000000000001,0.30000000000000004,0.4,48,0.0033718605680529198,2,0.7,3,0.0005901046154305188,COMPLETE
